[2021-10-07 17:55:05.260] [exthost] [info] extension host started
[2021-10-07 17:55:05.372] [exthost] [info] ExtensionService#_doActivateExtension vscode.debug-auto-launch {"startup":true,"extensionId":{"value":"vscode.debug-auto-launch","_lower":"vscode.debug-auto-launch"},"activationEvent":"*"}
[2021-10-07 17:55:05.373] [exthost] [info] ExtensionService#loadCommonJSModule file:///opt/code-server/lib/vscode/extensions/debug-auto-launch/dist/extension
[2021-10-07 17:55:05.379] [exthost] [info] ExtensionService#_doActivateExtension vscode.emmet {"startup":true,"extensionId":{"value":"vscode.emmet","_lower":"vscode.emmet"},"activationEvent":"*"}
[2021-10-07 17:55:05.379] [exthost] [info] ExtensionService#loadCommonJSModule file:///opt/code-server/lib/vscode/extensions/emmet/dist/extension
[2021-10-07 17:55:05.402] [exthost] [info] ExtensionService#_doActivateExtension vscode.git {"startup":true,"extensionId":{"value":"vscode.git","_lower":"vscode.git"},"activationEvent":"*"}
[2021-10-07 17:55:05.402] [exthost] [info] ExtensionService#loadCommonJSModule file:///opt/code-server/lib/vscode/extensions/git/dist/main
[2021-10-07 17:55:05.449] [exthost] [info] ExtensionService#_doActivateExtension vscode.github-authentication {"startup":true,"extensionId":{"value":"vscode.github-authentication","_lower":"vscode.github-authentication"},"activationEvent":"*"}
[2021-10-07 17:55:05.449] [exthost] [info] ExtensionService#loadCommonJSModule file:///opt/code-server/lib/vscode/extensions/github-authentication/dist/extension.js
[2021-10-07 17:55:05.454] [exthost] [info] ExtensionService#_doActivateExtension vscode.merge-conflict {"startup":true,"extensionId":{"value":"vscode.merge-conflict","_lower":"vscode.merge-conflict"},"activationEvent":"*"}
[2021-10-07 17:55:05.454] [exthost] [info] ExtensionService#loadCommonJSModule file:///opt/code-server/lib/vscode/extensions/merge-conflict/dist/extension
[2021-10-07 17:55:05.459] [exthost] [info] ExtensionService#_doActivateExtension vscode.search-result {"startup":true,"extensionId":{"value":"vscode.search-result","_lower":"vscode.search-result"},"activationEvent":"*"}
[2021-10-07 17:55:05.459] [exthost] [info] ExtensionService#loadCommonJSModule file:///opt/code-server/lib/vscode/extensions/search-result/dist/extension.js
[2021-10-07 17:55:05.463] [exthost] [info] ExtensionService#_doActivateExtension vscode.vscode-account {"startup":true,"extensionId":{"value":"vscode.vscode-account","_lower":"vscode.vscode-account"},"activationEvent":"*"}
[2021-10-07 17:55:05.463] [exthost] [info] ExtensionService#loadCommonJSModule file:///opt/code-server/lib/vscode/extensions/vscode-account/dist/extension.js
[2021-10-07 17:55:05.470] [exthost] [info] eager extensions activated
[2021-10-07 18:29:14.305] [exthost] [info] extension host started
[2021-10-07 18:29:14.688] [exthost] [info] ExtensionService#_doActivateExtension vscode.debug-auto-launch {"startup":true,"extensionId":{"value":"vscode.debug-auto-launch","_lower":"vscode.debug-auto-launch"},"activationEvent":"*"}
[2021-10-07 18:29:14.688] [exthost] [info] ExtensionService#loadCommonJSModule file:///opt/code-server/lib/vscode/extensions/debug-auto-launch/dist/extension
[2021-10-07 18:29:14.692] [exthost] [info] ExtensionService#_doActivateExtension vscode.emmet {"startup":true,"extensionId":{"value":"vscode.emmet","_lower":"vscode.emmet"},"activationEvent":"*"}
[2021-10-07 18:29:14.692] [exthost] [info] ExtensionService#loadCommonJSModule file:///opt/code-server/lib/vscode/extensions/emmet/dist/extension
[2021-10-07 18:29:14.712] [exthost] [info] ExtensionService#_doActivateExtension vscode.git {"startup":true,"extensionId":{"value":"vscode.git","_lower":"vscode.git"},"activationEvent":"*"}
[2021-10-07 18:29:14.713] [exthost] [info] ExtensionService#loadCommonJSModule file:///opt/code-server/lib/vscode/extensions/git/dist/main
[2021-10-07 18:29:14.753] [exthost] [info] ExtensionService#_doActivateExtension vscode.github-authentication {"startup":true,"extensionId":{"value":"vscode.github-authentication","_lower":"vscode.github-authentication"},"activationEvent":"*"}
[2021-10-07 18:29:14.753] [exthost] [info] ExtensionService#loadCommonJSModule file:///opt/code-server/lib/vscode/extensions/github-authentication/dist/extension.js
[2021-10-07 18:29:14.760] [exthost] [info] ExtensionService#_doActivateExtension vscode.merge-conflict {"startup":true,"extensionId":{"value":"vscode.merge-conflict","_lower":"vscode.merge-conflict"},"activationEvent":"*"}
[2021-10-07 18:29:14.760] [exthost] [info] ExtensionService#loadCommonJSModule file:///opt/code-server/lib/vscode/extensions/merge-conflict/dist/extension
[2021-10-07 18:29:14.779] [exthost] [info] ExtensionService#_doActivateExtension vscode.search-result {"startup":true,"extensionId":{"value":"vscode.search-result","_lower":"vscode.search-result"},"activationEvent":"*"}
[2021-10-07 18:29:14.779] [exthost] [info] ExtensionService#loadCommonJSModule file:///opt/code-server/lib/vscode/extensions/search-result/dist/extension.js
[2021-10-07 18:29:14.780] [exthost] [info] ExtensionService#_doActivateExtension vscode.vscode-account {"startup":true,"extensionId":{"value":"vscode.vscode-account","_lower":"vscode.vscode-account"},"activationEvent":"*"}
[2021-10-07 18:29:14.780] [exthost] [info] ExtensionService#loadCommonJSModule file:///opt/code-server/lib/vscode/extensions/vscode-account/dist/extension.js
[2021-10-07 18:29:14.789] [exthost] [info] eager extensions activated
